<?xml version="1.0" encoding="UTF-8"?>
<!-- Generated by org.testng.reporters.JUnitXMLReporter -->
<testsuite ignored="0" hostname="jkabir" failures="1" tests="4" name="LoginTest" time="0.451" errors="0" timestamp="2024-08-25T11:35:37 EDT">
  <testcase classname="testcases.Testcase1" name="registration" time="0.028"/>
  <testcase classname="testcases.Testcase1" name="allow" time="0.002"/>
  <testcase classname="testcases.Testcase1" name="login" time="0.005"/>
  <testcase classname="testcases.Testcase2" name="validateTitles" time="0.055">
    <failure type="java.lang.AssertionError" message="expected [Gmail.com] but found [yahoo.com]">
      <![CDATA[java.lang.AssertionError: expected [Gmail.com] but found [yahoo.com]
at testcases.Testcase2.validateTitles(Testcase2.java:18)
at java.base/java.util.ArrayList.forEach(ArrayList.java:1511)
... Removed 33 stack frames]]>
    </failure>
  </testcase> <!-- validateTitles -->
</testsuite> <!-- LoginTest -->
